Warning: no access to tty (Bad file descriptor).
Thus no job control in this shell.
5000 items, capacity: 999, time: 0.218474
86 items used, value 55524, weight 999
Application 6694838 resources: utime ~0s, stime ~0s

 + --------------------------------------------------------------------------
 +        Job name: job-knapsack
 +          Job Id: 1472348.sdb
 +          System: hopper
 +     Queued Time: Sun Apr  1 23:29:59 2012
 +      Start Time: Sun Apr  1 23:31:04 2012
 + Completion Time: Sun Apr  1 23:31:08 2012
 +            User: cmel64
 +        MOM Host: nid05417
 +           Queue: debug
 +  Req. Resources: other=QSUBPID:12312:hopper07,walltime=00:10:00
 +  Used Resources: cput=00:00:00,mem=0kb,vmem=0kb,walltime=00:00:03
 +     Acct String: mp309
 +   PBS_O_WORKDIR: /global/homes/c/cmel64/CS267-hw3
 +     Submit Args: job-knapsack
 + --------------------------------------------------------------------------

